Crashlog created at 2012-08-16 12:15:26 +0200

=== MESSAGE:

Nanoc::Errors::CannotUseTextualFilter: The “Nanoc::Filters::RDiscount” filter cannot be used to filter the “/blog/2012-15_Pow_Wow/” item (rep “default”), because textual filters cannot be used on binary items.

=== COMPILATION STACK:

  - [item]   /blog/2012-15_Pow_Wow/ (rep default)

=== BACKTRACE:

  0. /home/yaroq/.rvm/gems/ruby-1.9.3-p194/gems/nanoc-3.4.0/lib/nanoc/base/result_data/item_rep.rb:331:in `filter'
  1. /home/yaroq/.rvm/gems/ruby-1.9.3-p194/gems/nanoc-3.4.0/lib/nanoc/base/compilation/item_rep_proxy.rb:47:in `filter'
  2. /home/yaroq/.rvm/gems/ruby-1.9.3-p194/gems/nanoc-3.4.0/lib/nanoc/base/compilation/rule_context.rb:54:in `filter'
  3. ./Rules:37:in `block in load'
  4. /home/yaroq/.rvm/gems/ruby-1.9.3-p194/gems/nanoc-3.4.0/lib/nanoc/base/compilation/rule.rb:68:in `instance_eval'
  5. /home/yaroq/.rvm/gems/ruby-1.9.3-p194/gems/nanoc-3.4.0/lib/nanoc/base/compilation/rule.rb:68:in `apply_to'
  6. /home/yaroq/.rvm/gems/ruby-1.9.3-p194/gems/nanoc-3.4.0/lib/nanoc/base/compilation/compiler.rb:381:in `compile_rep'
  7. /home/yaroq/.rvm/gems/ruby-1.9.3-p194/gems/nanoc-3.4.0/lib/nanoc/base/compilation/compiler.rb:337:in `block in compile_reps'
  8. /home/yaroq/.rvm/gems/ruby-1.9.3-p194/gems/nanoc-3.4.0/lib/nanoc/base/compilation/compiler.rb:330:in `loop'
  9. /home/yaroq/.rvm/gems/ruby-1.9.3-p194/gems/nanoc-3.4.0/lib/nanoc/base/compilation/compiler.rb:330:in `compile_reps'
  10. /home/yaroq/.rvm/gems/ruby-1.9.3-p194/gems/nanoc-3.4.0/lib/nanoc/base/compilation/compiler.rb:85:in `run'
  11. /home/yaroq/.rvm/gems/ruby-1.9.3-p194/gems/nanoc-3.4.0/lib/nanoc/base/source_data/site.rb:57:in `compile'
  12. /home/yaroq/.rvm/gems/ruby-1.9.3-p194/gems/nanoc-3.4.0/lib/nanoc/cli/commands/compile.rb:57:in `run'
  13. /home/yaroq/.rvm/gems/ruby-1.9.3-p194/gems/nanoc-3.4.0/lib/nanoc/cli/command_runner.rb:14:in `block in call'
  14. /home/yaroq/.rvm/gems/ruby-1.9.3-p194/gems/nanoc-3.4.0/lib/nanoc/cli/error_handler.rb:63:in `handle_while'
  15. /home/yaroq/.rvm/gems/ruby-1.9.3-p194/gems/nanoc-3.4.0/lib/nanoc/cli/error_handler.rb:26:in `handle_while'
  16. /home/yaroq/.rvm/gems/ruby-1.9.3-p194/gems/nanoc-3.4.0/lib/nanoc/cli/command_runner.rb:13:in `call'
  17. /home/yaroq/.rvm/gems/ruby-1.9.3-p194/gems/cri-2.3.0/lib/cri/command_dsl.rb:185:in `block in runner'
  18. /home/yaroq/.rvm/gems/ruby-1.9.3-p194/gems/cri-2.3.0/lib/cri/command.rb:296:in `call'
  19. /home/yaroq/.rvm/gems/ruby-1.9.3-p194/gems/cri-2.3.0/lib/cri/command.rb:296:in `run_this'
  20. /home/yaroq/.rvm/gems/ruby-1.9.3-p194/gems/cri-2.3.0/lib/cri/command.rb:249:in `run'
  21. /home/yaroq/.rvm/gems/ruby-1.9.3-p194/gems/cri-2.3.0/lib/cri/command.rb:262:in `run'
  22. /home/yaroq/.rvm/gems/ruby-1.9.3-p194/gems/nanoc-3.4.0/lib/nanoc/cli.rb:47:in `block in run'
  23. /home/yaroq/.rvm/gems/ruby-1.9.3-p194/gems/nanoc-3.4.0/lib/nanoc/cli/error_handler.rb:63:in `handle_while'
  24. /home/yaroq/.rvm/gems/ruby-1.9.3-p194/gems/nanoc-3.4.0/lib/nanoc/cli/error_handler.rb:26:in `handle_while'
  25. /home/yaroq/.rvm/gems/ruby-1.9.3-p194/gems/nanoc-3.4.0/lib/nanoc/cli.rb:44:in `run'
  26. /home/yaroq/.rvm/gems/ruby-1.9.3-p194/gems/nanoc-3.4.0/bin/nanoc:19:in `<top (required)>'
  27. /home/yaroq/.rvm/gems/ruby-1.9.3-p194/bin/nanoc:19:in `load'
  28. /home/yaroq/.rvm/gems/ruby-1.9.3-p194/bin/nanoc:19:in `<main>'
  29. /home/yaroq/.rvm/gems/ruby-1.9.3-p194/bin/ruby_noexec_wrapper:14:in `eval'
  30. /home/yaroq/.rvm/gems/ruby-1.9.3-p194/bin/ruby_noexec_wrapper:14:in `<main>'

=== VERSION INFORMATION:

nanoc 3.4.0 © 2007-2012 Denis Defreyne.
Running ruby 1.9.3 (2012-04-20) on x86_64-linux with RubyGems 1.8.24.

=== INSTALLED GEMS:

  POpen4 0.1.4
  Platform 0.4.0
  actionmailer 3.2.6
  actionpack 3.2.6
  activemodel 3.2.6
  activerecord 3.2.6
  activeresource 3.2.6
  activesupport 3.2.6
  addressable 2.2.8, 2.3.1
  arel 3.0.2
  bcrypt-ruby 3.0.1
  bootstrap-sass 2.0.4.0
  builder 3.0.0
  bundler 1.1.4, 1.2.0.pre.1
  cancan 1.6.8
  capybara 1.1.2
  childprocess 0.3.3
  chunky_png 1.2.5
  coffee-rails 3.2.2
  coffee-script 2.2.0
  coffee-script-source 1.3.3
  colored 1.2
  compass 0.12.2
  compass-rails 1.0.3
  cri 2.3.0
  cucumber 1.2.1
  cucumber-rails 1.3.0
  database_cleaner 0.8.0
  devise 2.1.2
  diff-lcs 1.1.3
  em-websocket 0.3.8
  email_spec 1.2.1
  erubis 2.7.0
  eventmachine 0.12.10
  excon 0.14.3
  execjs 1.4.0
  factory_girl 3.5.0
  factory_girl_rails 3.5.0
  faker 1.0.1
  faraday 0.8.1
  ffi 1.0.11, 1.1.0
  foundation 0.05
  fssm 0.2.9
  gherkin 2.11.1
  guard 1.2.3
  guard-bundler 1.0.0
  guard-livereload 1.0.0
  guard-rails 0.1.0
  guard-rspec 1.2.0
  haml 3.1.6
  haml-rails 0.3.4
  hashie 1.2.0
  heroku 2.28.10
  heroku-api 0.2.7
  hike 1.2.1
  hominid 3.0.4
  httpauth 0.1
  i18n 0.6.0
  jammit 0.6.5
  journey 1.0.4
  jquery-rails 2.0.2
  json 1.7.3, 1.7.4
  jwt 0.1.5
  launchy 2.1.0
  libnotify 0.7.3
  libv8 3.3.10.4
  libwebsocket 0.1.3
  listen 0.4.7
  mail 2.4.4
  mime-types 1.18, 1.19
  mongoid 3.0.1
  mongoid-rspec 1.4.6
  moped 1.1.5
  multi_json 1.3.6
  multipart-post 1.1.5
  nanoc 3.4.0
  netrc 0.7.5
  nokogiri 1.5.5
  oauth2 0.8.0
  omniauth 1.1.0
  omniauth-facebook 1.4.1
  omniauth-oauth2 1.1.0
  open4 1.3.0
  origin 1.0.4
  orm_adapter 0.3.0, 0.4.0
  pdfkit 0.5.2
  polyglot 0.3.3
  rack 1.4.1
  rack-cache 1.2
  rack-protection 1.2.0
  rack-ssl 1.3.2
  rack-test 0.6.1
  rails 3.2.6
  rails_apps_composer 1.5.4
  railties 3.2.6
  rake 0.9.2.2
  rb-fchange 0.0.5
  rb-fsevent 0.9.1
  rb-inotify 0.8.8
  rdiscount 1.6.8
  rdoc 3.12
  rest-client 1.6.7
  rolify 3.1.0
  rspec 2.10.0, 2.11.0
  rspec-core 2.10.1, 2.11.0, 2.11.1
  rspec-expectations 2.10.0, 2.11.1
  rspec-mocks 2.10.1, 2.11.1
  rspec-rails 2.10.1, 2.11.0
  rubygems-bundler 1.0.2
  rubyzip 0.9.9
  rvm 1.11.3.4
  sass 3.1.19, 3.1.20, 3.2.0.alpha.275
  sass-rails 3.2.5
  selenium-webdriver 2.24.0
  shotgun 0.9
  simple_form 2.0.2
  sinatra 1.3.2
  sprockets 2.1.3
  sqlite3 1.3.6
  therubyracer 0.10.1
  thor 0.15.3, 0.15.4
  tilt 1.3.3
  treetop 1.4.10
  tzinfo 0.3.33
  uglifier 1.2.5, 1.2.6, 1.2.7
  warden 1.2.1
  wkhtmltopdf 0.1.2
  xpath 0.1.4
  yui-compressor 0.9.6
  zurb-foundation 3.0.6

=== ENVIRONMENT:

COLORTERM => "gnome-terminal"
COMPIZ_CONFIG_PROFILE => "ubuntu"
DBUS_SESSION_BUS_ADDRESS => "unix:abstract=/tmp/dbus-wCxf8rKPsL,guid=f546bf461ddd07c35c37b5d90000000a"
DEFAULTS_PATH => "/usr/share/gconf/ubuntu.default.path"
DESKTOP_SESSION => "ubuntu"
DISPLAY => ":0.0"
GDMSESSION => "ubuntu"
GEM_HOME => "/home/yaroq/.rvm/gems/ruby-1.9.3-p194"
GEM_PATH => "/home/yaroq/.rvm/gems/ruby-1.9.3-p194:/home/yaroq/.rvm/gems/ruby-1.9.3-p194@global"
GNOME_DESKTOP_SESSION_ID => "this-is-deprecated"
GNOME_KEYRING_CONTROL => "/tmp/keyring-2sKlza"
GNOME_KEYRING_PID => "1490"
GPG_AGENT_INFO => "/tmp/keyring-2sKlza/gpg:0:1"
GTK_IM_MODULE => "ibus"
HOME => "/home/yaroq"
IRBRC => "/home/yaroq/.rvm/rubies/ruby-1.9.3-p194/.irbrc"
LANG => "en_US.UTF-8"
LOGNAME => "yaroq"
LS_COLORS => "rs=0:di=01;34:ln=01;36:mh=00:pi=40;33:so=01;35:do=01;35:bd=40;33;01:cd=40;33;01:or=40;31;01:su=37;41:sg=30;43:ca=30;41:tw=30;42:ow=34;42:st=37;44:ex=01;32:*.tar=01;31:*.tgz=01;31:*.arj=01;31:*.taz=01;31:*.lzh=01;31:*.lzma=01;31:*.tlz=01;31:*.txz=01;31:*.zip=01;31:*.z=01;31:*.Z=01;31:*.dz=01;31:*.gz=01;31:*.lz=01;31:*.xz=01;31:*.bz2=01;31:*.bz=01;31:*.tbz=01;31:*.tbz2=01;31:*.tz=01;31:*.deb=01;31:*.rpm=01;31:*.jar=01;31:*.war=01;31:*.ear=01;31:*.sar=01;31:*.rar=01;31:*.ace=01;31:*.zoo=01;31:*.cpio=01;31:*.7z=01;31:*.rz=01;31:*.jpg=01;35:*.jpeg=01;35:*.gif=01;35:*.bmp=01;35:*.pbm=01;35:*.pgm=01;35:*.ppm=01;35:*.tga=01;35:*.xbm=01;35:*.xpm=01;35:*.tif=01;35:*.tiff=01;35:*.png=01;35:*.svg=01;35:*.svgz=01;35:*.mng=01;35:*.pcx=01;35:*.mov=01;35:*.mpg=01;35:*.mpeg=01;35:*.m2v=01;35:*.mkv=01;35:*.webm=01;35:*.ogm=01;35:*.mp4=01;35:*.m4v=01;35:*.mp4v=01;35:*.vob=01;35:*.qt=01;35:*.nuv=01;35:*.wmv=01;35:*.asf=01;35:*.rm=01;35:*.rmvb=01;35:*.flc=01;35:*.avi=01;35:*.fli=01;35:*.flv=01;35:*.gl=01;35:*.dl=01;35:*.xcf=01;35:*.xwd=01;35:*.yuv=01;35:*.cgm=01;35:*.emf=01;35:*.axv=01;35:*.anx=01;35:*.ogv=01;35:*.ogx=01;35:*.aac=00;36:*.au=00;36:*.flac=00;36:*.mid=00;36:*.midi=00;36:*.mka=00;36:*.mp3=00;36:*.mpc=00;36:*.ogg=00;36:*.ra=00;36:*.wav=00;36:*.axa=00;36:*.oga=00;36:*.spx=00;36:*.xspf=00;36:"
MANDATORY_PATH => "/usr/share/gconf/ubuntu.mandatory.path"
MY_RUBY_HOME => "/home/yaroq/.rvm/rubies/ruby-1.9.3-p194"
OLDPWD => "/home/yaroq/works"
PATH => "/home/yaroq/.rvm/gems/ruby-1.9.3-p194/bin:/home/yaroq/.rvm/gems/ruby-1.9.3-p194@global/bin:/home/yaroq/.rvm/rubies/ruby-1.9.3-p194/bin:/home/yaroq/.rvm/bin:/usr/lib/lightdm/lightdm:/usr/local/sbin:/usr/local/bin:/usr/sbin:/usr/bin:/sbin:/bin:/usr/games:/home/yaroq/.rvm/bin:/home/yaroq/.rvm/bin"
PWD => "/home/yaroq/works/nukomeet.com"
QT_IM_MODULE => "xim"
RUBY_VERSION => "ruby-1.9.3-p194"
SESSION_MANAGER => "local/Yaroq:@/tmp/.ICE-unix/1501,unix/Yaroq:/tmp/.ICE-unix/1501"
SHELL => "/bin/zsh"
SHLVL => "2"
SSH_AGENT_PID => "1542"
SSH_AUTH_SOCK => "/tmp/keyring-2sKlza/ssh"
TERM => "screen-256color"
TMUX => "/tmp//tmux-1000/default,5623,0"
TMUX_PANE => "%1"
UBUNTU_MENUPROXY => "libappmenu.so"
USER => "yaroq"
WINDOWID => "73400326"
XAUTHORITY => "/home/yaroq/.Xauthority"
XDG_CONFIG_DIRS => "/etc/xdg/xdg-ubuntu:/etc/xdg"
XDG_CURRENT_DESKTOP => "Unity"
XDG_DATA_DIRS => "/usr/share/ubuntu:/usr/share/gnome:/usr/local/share/:/usr/share/"
XDG_SEAT_PATH => "/org/freedesktop/DisplayManager/Seat0"
XDG_SESSION_COOKIE => "c04fb623e9ddde21059c10ab00000002-1345105482.862186-1372339301"
XDG_SESSION_PATH => "/org/freedesktop/DisplayManager/Session0"
XMODIFIERS => "@im=ibus"
_ => "/home/yaroq/.rvm/gems/ruby-1.9.3-p194/bin/nanoc"
__array_start => "1"
_first => "1"
_second => "2"
escape_flag => "1"
rvm_alias_expanded => ""
rvm_bin_path => "/home/yaroq/.rvm/bin"
rvm_docs_type => ""
rvm_gemstone_package_file => ""
rvm_gemstone_url => ""
rvm_hook => ""
rvm_niceness => ""
rvm_nightly_flag => ""
rvm_path => "/home/yaroq/.rvm"
rvm_prefix => "/home/yaroq"
rvm_proxy => ""
rvm_quiet_flag => ""
rvm_ruby_file => ""
rvm_ruby_make => ""
rvm_ruby_make_install => ""
rvm_ruby_mode => ""
rvm_script_name => ""
rvm_sdk => ""
rvm_silent_flag => ""
rvm_version => "1.14.2 (stable)"
rvm_wrapper_name => ""

=== $LOAD_PATH:

  0. /home/yaroq/.rvm/gems/ruby-1.9.3-p194/gems/nanoc-3.4.0/lib
  1. /home/yaroq/.rvm/gems/ruby-1.9.3-p194@global/gems/rubygems-bundler-1.0.2/lib
  2. /home/yaroq/.rvm/gems/ruby-1.9.3-p194/gems/bundler-1.2.0.pre.1/lib
  3. /home/yaroq/.rvm/gems/ruby-1.9.3-p194/gems/colored-1.2/lib
  4. /home/yaroq/.rvm/gems/ruby-1.9.3-p194/gems/cri-2.3.0/lib
  5. /home/yaroq/.rvm/gems/ruby-1.9.3-p194/gems/nanoc-3.4.0/lib
  6. /home/yaroq/.rvm/gems/ruby-1.9.3-p194/gems/haml-3.1.6/lib
  7. /home/yaroq/.rvm/gems/ruby-1.9.3-p194/gems/rdiscount-1.6.8/lib
  8. /home/yaroq/.rvm/rubies/ruby-1.9.3-p194/lib/ruby/site_ruby/1.9.1
  9. /home/yaroq/.rvm/rubies/ruby-1.9.3-p194/lib/ruby/site_ruby/1.9.1/x86_64-linux
  10. /home/yaroq/.rvm/rubies/ruby-1.9.3-p194/lib/ruby/site_ruby
  11. /home/yaroq/.rvm/rubies/ruby-1.9.3-p194/lib/ruby/vendor_ruby/1.9.1
  12. /home/yaroq/.rvm/rubies/ruby-1.9.3-p194/lib/ruby/vendor_ruby/1.9.1/x86_64-linux
  13. /home/yaroq/.rvm/rubies/ruby-1.9.3-p194/lib/ruby/vendor_ruby
  14. /home/yaroq/.rvm/rubies/ruby-1.9.3-p194/lib/ruby/1.9.1
  15. /home/yaroq/.rvm/rubies/ruby-1.9.3-p194/lib/ruby/1.9.1/x86_64-linux
